<?xml version="1.0" encoding="UTF-8"?>
<Site BuildName="Win32-MSBuild"
	BuildStamp="20230826-1430-Experimental"
	Name="AhmedSaid1979"
	Generator="ctest-3.27.1"
	CompilerName="C:/Program Files/Microsoft Visual Studio/2022/Community/VC/Tools/MSVC/14.36.32532/bin/Hostx64/x64/cl.exe"
	CompilerVersion="19.36.32532.0"
	OSName="Windows"
	Hostname="AhmedSaid1979"
	OSRelease=" Personal"
	OSVersion=" (Build 22621)"
	OSPlatform="AMD64"
	Is64Bits="1"
	VendorString="AuthenticAMD"
	VendorID="Advanced Micro Devices"
	FamilyID="15"
	ModelID="0"
	ProcessorCacheSize="64"
	NumberOfLogicalCPU="16"
	NumberOfPhysicalCPU="8"
	TotalVirtualMemory="21599"
	TotalPhysicalMemory="15711"
	LogicalProcessorsPerPhysical="2"
	ProcessorClockFrequency="3792"
	>
	<Testing>
		<StartDateTime>Aug 26 17:31 Arab Standard Time</StartDateTime>
		<StartTestTime>1693060303</StartTestTime>
		<TestList/>
		<EndDateTime>Aug 26 17:31 Arab Standard Time</EndDateTime>
		<EndTestTime>1693060303</EndTestTime>
		<ElapsedMinutes>0</ElapsedMinutes>
	</Testing>
</Site>
